<?xml version="1.0" encoding="UTF-8"?>
<!-- Generated by org.testng.reporters.JUnitXMLReporter -->
<testsuite ignored="2" hostname="DESKTOP-Q87TDNQ" failures="0" tests="1" name="Default test" time="0.078" errors="0" timestamp="24 May 2022 10:49:17 GMT">
  <testcase classname="testngsessions.TestNgAnnotatins" name="userInfoTest" time="0.009"/>
  <testcase classname="testngsessions.TestNgAnnotatins" name="getPageTitleTest" time="0.0">
    <ignored/>
  </testcase> <!-- getPageTitleTest -->
  <testcase classname="testngsessions.TestNgAnnotatins" name="searchTest" time="0.0">
    <ignored/>
  </testcase> <!-- searchTest -->
</testsuite> <!-- Default test -->
