<?xml version="1.0" encoding="UTF-8"?>
<!-- Generated by org.testng.reporters.JUnitXMLReporter -->
<testsuite ignored="0" hostname="DESKTOP-Q87TDNQ" failures="0" tests="5" name="Test" time="56.538" errors="0" timestamp="24 May 2022 11:09:01 GMT">
  <testcase classname="SeleniumSession.Annotation" name="getPageTitleTest" time="0.068"/>
  <testcase classname="testngsessions.TestNgAnnotatins" name="userInfoTest" time="0.003"/>
  <testcase classname="testngsessions.AppTest" name="getPageTitleTest" time="0.02"/>
  <testcase classname="testngsessions.TestNgAnnotatins" name="getPageTitleTest" time="0.003"/>
  <testcase classname="testngsessions.TestNgAnnotatins" name="searchTest" time="0.002"/>
</testsuite> <!-- Test -->
