<?xml version="1.0" encoding="UTF-8"?>
<testng-results ignored="0" total="5" passed="5" failed="0" skipped="0">
  <reporter-output>
  </reporter-output>
  <suite started-at="2022-05-24T11:08:04Z" name="Suite" finished-at="2022-05-24T11:09:00Z" duration-ms="56538">
    <groups>
    </groups>
    <test started-at="2022-05-24T11:08:04Z" name="Test" finished-at="2022-05-24T11:09:00Z" duration-ms="56538">
      <class name="testngsessions.TestNgAnnotatins">
        <test-method is-config="true" signature="DbConnection()[pri:0, instance:testngsessions.TestNgAnnotatins@62010f5c]" started-at="2022-05-24T11:08:04Z" name="DbConnection" finished-at="2022-05-24T11:08:04Z" duration-ms="19" status="PASS">
          <reporter-output>
          </reporter-output>
        </test-method> <!-- DbConnection -->
        <test-method is-config="true" signature="launchBrowser()[pri:0, instance:testngsessions.TestNgAnnotatins@62010f5c]" started-at="2022-05-24T11:08:58Z" name="launchBrowser" finished-at="2022-05-24T11:08:58Z" duration-ms="1" status="PASS">
          <reporter-output>
          </reporter-output>
        </test-method> <!-- launchBrowser -->
        <test-method is-config="true" signature="logintoApp()[pri:0, instance:testngsessions.TestNgAnnotatins@62010f5c]" started-at="2022-05-24T11:08:58Z" name="logintoApp" finished-at="2022-05-24T11:08:58Z" duration-ms="1" status="PASS">
          <reporter-output>
          </reporter-output>
        </test-method> <!-- logintoApp -->
        <test-method signature="userInfoTest()[pri:0, instance:testngsessions.TestNgAnnotatins@62010f5c]" started-at="2022-05-24T11:08:58Z" name="userInfoTest" finished-at="2022-05-24T11:08:58Z" duration-ms="3" status="PASS">
          <reporter-output>
          </reporter-output>
        </test-method> <!-- userInfoTest -->
        <test-method is-config="true" signature="logOut()[pri:0, instance:testngsessions.TestNgAnnotatins@62010f5c]" started-at="2022-05-24T11:08:58Z" name="logOut" finished-at="2022-05-24T11:08:58Z" duration-ms="1" status="PASS">
          <reporter-output>
          </reporter-output>
        </test-method> <!-- logOut -->
        <test-method is-config="true" signature="logintoApp()[pri:0, instance:testngsessions.TestNgAnnotatins@62010f5c]" started-at="2022-05-24T11:09:00Z" name="logintoApp" finished-at="2022-05-24T11:09:00Z" duration-ms="0" status="PASS">
          <reporter-output>
          </reporter-output>
        </test-method> <!-- logintoApp -->
        <test-method signature="getPageTitleTest()[pri:1, instance:testngsessions.TestNgAnnotatins@62010f5c]" started-at="2022-05-24T11:09:00Z" name="getPageTitleTest" finished-at="2022-05-24T11:09:00Z" duration-ms="3" status="PASS">
          <reporter-output>
          </reporter-output>
        </test-method> <!-- getPageTitleTest -->
        <test-method is-config="true" signature="logOut()[pri:0, instance:testngsessions.TestNgAnnotatins@62010f5c]" started-at="2022-05-24T11:09:00Z" name="logOut" finished-at="2022-05-24T11:09:00Z" duration-ms="1" status="PASS">
          <reporter-output>
          </reporter-output>
        </test-method> <!-- logOut -->
        <test-method is-config="true" signature="logintoApp()[pri:0, instance:testngsessions.TestNgAnnotatins@62010f5c]" started-at="2022-05-24T11:09:00Z" name="logintoApp" finished-at="2022-05-24T11:09:00Z" duration-ms="0" status="PASS">
          <reporter-output>
          </reporter-output>
        </test-method> <!-- logintoApp -->
        <test-method signature="searchTest()[pri:2, instance:testngsessions.TestNgAnnotatins@62010f5c]" started-at="2022-05-24T11:09:00Z" name="searchTest" finished-at="2022-05-24T11:09:00Z" duration-ms="2" status="PASS">
          <reporter-output>
          </reporter-output>
        </test-method> <!-- searchTest -->
        <test-method is-config="true" signature="logOut()[pri:0, instance:testngsessions.TestNgAnnotatins@62010f5c]" started-at="2022-05-24T11:09:00Z" name="logOut" finished-at="2022-05-24T11:09:00Z" duration-ms="1" status="PASS">
          <reporter-output>
          </reporter-output>
        </test-method> <!-- logOut -->
        <test-method is-config="true" signature="closeBrowser()[pri:0, instance:testngsessions.TestNgAnnotatins@62010f5c]" started-at="2022-05-24T11:09:00Z" name="closeBrowser" finished-at="2022-05-24T11:09:00Z" duration-ms="1" status="PASS">
          <reporter-output>
          </reporter-output>
        </test-method> <!-- closeBrowser -->
        <test-method is-config="true" signature="deleteUser()[pri:0, instance:testngsessions.TestNgAnnotatins@62010f5c]" started-at="2022-05-24T11:09:00Z" name="deleteUser" finished-at="2022-05-24T11:09:00Z" duration-ms="0" status="PASS">
          <reporter-output>
          </reporter-output>
        </test-method> <!-- deleteUser -->
        <test-method is-config="true" signature="disconnectDB()[pri:0, instance:testngsessions.TestNgAnnotatins@62010f5c]" started-at="2022-05-24T11:09:01Z" name="disconnectDB" finished-at="2022-05-24T11:09:01Z" duration-ms="1" status="PASS">
          <reporter-output>
          </reporter-output>
        </test-method> <!-- disconnectDB -->
      </class> <!-- testngsessions.TestNgAnnotatins -->
      <class name="SeleniumSession.Annotation">
        <test-method is-config="true" signature="setup()[pri:0, instance:SeleniumSession.Annotation@51fadaff]" started-at="2022-05-24T11:08:04Z" name="setup" finished-at="2022-05-24T11:08:38Z" duration-ms="33924" status="PASS">
          <reporter-output>
          </reporter-output>
        </test-method> <!-- setup -->
        <test-method is-config="true" signature="setup()[pri:0, instance:testngsessions.AppTest@401f7633]" started-at="2022-05-24T11:08:38Z" name="setup" finished-at="2022-05-24T11:08:53Z" duration-ms="14801" status="PASS">
          <reporter-output>
          </reporter-output>
        </test-method> <!-- setup -->
        <test-method is-config="true" signature="createUser()[pri:0, instance:testngsessions.TestNgAnnotatins@62010f5c]" started-at="2022-05-24T11:08:53Z" name="createUser" finished-at="2022-05-24T11:08:53Z" duration-ms="1" status="PASS">
          <reporter-output>
          </reporter-output>
        </test-method> <!-- createUser -->
        <test-method signature="getPageTitleTest()[pri:0, instance:SeleniumSession.Annotation@51fadaff]" started-at="2022-05-24T11:08:53Z" name="getPageTitleTest" finished-at="2022-05-24T11:08:53Z" duration-ms="68" status="PASS">
          <reporter-output>
          </reporter-output>
        </test-method> <!-- getPageTitleTest -->
        <test-method is-config="true" signature="tearDown()[pri:0, instance:SeleniumSession.Annotation@51fadaff]" started-at="2022-05-24T11:08:53Z" name="tearDown" finished-at="2022-05-24T11:08:58Z" duration-ms="4723" status="PASS">
          <reporter-output>
          </reporter-output>
        </test-method> <!-- tearDown -->
      </class> <!-- SeleniumSession.Annotation -->
      <class name="testngsessions.AppTest">
        <test-method signature="getPageTitleTest()[pri:0, instance:testngsessions.AppTest@401f7633]" started-at="2022-05-24T11:08:58Z" name="getPageTitleTest" finished-at="2022-05-24T11:08:58Z" duration-ms="20" status="PASS">
          <reporter-output>
          </reporter-output>
        </test-method> <!-- getPageTitleTest -->
        <test-method is-config="true" signature="tearDown()[pri:0, instance:testngsessions.AppTest@401f7633]" started-at="2022-05-24T11:08:58Z" name="tearDown" finished-at="2022-05-24T11:09:00Z" duration-ms="2777" status="PASS">
          <reporter-output>
          </reporter-output>
        </test-method> <!-- tearDown -->
      </class> <!-- testngsessions.AppTest -->
    </test> <!-- Test -->
  </suite> <!-- Suite -->
</testng-results>
